2025-01-07 13:48:22,421 INFO None
2025-01-07 13:48:31,654 INFO HTTP Request: POST https://dagshub.com/login/oauth/middleman "HTTP/1.1 200 OK"
2025-01-07 13:48:33,289 INFO HTTP Request: POST https://dagshub.com/login/oauth/access_token "HTTP/1.1 200 OK"
2025-01-07 13:48:34,468 INFO HTTP Request: GET https://dagshub.com/api/v1/user "HTTP/1.1 200 OK"
2025-01-07 13:48:34,479 INFO Accessing as Dimitriy200
2025-01-07 13:48:35,574 INFO HTTP Request: GET https://dagshub.com/api/v1/repos/Dimitriy200/diplom_autoencoder "HTTP/1.1 200 OK"
2025-01-07 13:48:36,471 INFO HTTP Request: GET https://dagshub.com/api/v1/user "HTTP/1.1 200 OK"
2025-01-07 13:48:36,479 INFO Initialized MLflow to track repo "Dimitriy200/diplom_autoencoder"
2025-01-07 13:48:36,480 INFO Repository Dimitriy200/diplom_autoencoder initialized!
2025-01-07 13:48:38,760 INFO START TRAIN, PARAMETRES: EPOCHS = 50
BATCH_SIZE = 50, 
 TRAIN_DATA_SIZE = (2268, 26)
2025-01-07 13:50:23,933 INFO START PREDICT
2025-01-07 13:50:24,831 INFO RMSE = 0.5881640911102295
2025-01-07 13:50:24,832 INFO NP_RMSE = 0.5881640911102295
2025-01-07 13:50:57,909 INFO HTTP Request: GET https://dagshub.com/api/v1/user "HTTP/1.1 200 OK"
2025-01-07 13:50:58,797 INFO HTTP Request: GET https://dagshub.com/api/v1/user "HTTP/1.1 200 OK"
2025-01-07 13:50:59,730 INFO HTTP Request: GET https://dagshub.com/api/v1/repos/Dimitriy200/diplom_autoencoder "HTTP/1.1 200 OK"
2025-01-07 13:51:00,655 INFO HTTP Request: GET https://dagshub.com/api/v1/user "HTTP/1.1 200 OK"
2025-01-07 13:51:00,661 INFO Initialized MLflow to track repo "Dimitriy200/diplom_autoencoder"
2025-01-07 13:51:00,662 INFO Repository Dimitriy200/diplom_autoencoder initialized!
2025-01-07 13:51:04,265 INFO INPUR DATA: 
choise_Normal = (2268, 26)
control_Normal = (568, 26)
choise_Anomal = (2268, 26)
control_Anomal = (568, 26)
2025-01-07 13:51:04,265 INFO START PREDICT
2025-01-07 13:51:04,819 INFO START PREDICT
2025-01-07 13:51:05,152 INFO METRICS: 
np_mse_Normal = [0.03246519 0.03200915 0.01093649 0.03658897 0.0374111  0.0086278
 0.0329784  0.03246675 0.0098991  0.03686263 0.00968063 0.85848624
 0.00795181 0.03958368 0.03972971 0.01096692 0.01110481 0.01124901
 0.8776087  0.00837445 0.03957474 0.01077492 0.01117696 0.03777563
 0.03775376 0.8732015  0.0361853  0.01241793 0.8679794  0.8552792
 0.87662846 0.03229009 0.87019926 0.00934591 0.03873883 0.03416003
 0.03786962 0.8541246  0.85400325 0.00907144 0.03728928 0.03461657
 0.03416502 0.03401463 0.03776162 0.03686903 0.03694005 0.03252944
 0.85439074 0.0112952  0.01085485 0.03400327 0.03682632 0.03617447
 0.00834775 0.03543702 0.01256938 0.01031357 0.0375507  0.0337669
 0.00985972 0.03518278 0.01194328 0.03762766 0.03516893 0.8626098
 0.01149358 0.0088708  0.8703355  0.01271604 0.01120549 0.00975693
 0.03464628 0.01018347 0.01010863 0.00883151 0.03891527 0.01164124
 0.84971535 0.0385771  0.00991792 0.00847358 0.03657246 0.88362634
 0.03934555 0.03875227 0.01123971 0.0108516  0.037042   0.01053354
 0.8606013  0.03892452 0.02976564 0.01151388 0.86112905 0.03610322
 0.03507065 0.01219944 0.03678488 0.03838412 0.03627112 0.03673739
 0.8596143  0.00932064 0.03955416 0.01306496 0.01150482 0.863851
 0.01130938 0.8462945  0.00971102 0.8618916  0.03859007 0.03707504
 0.01041756 0.01178972 0.01054416 0.0358802  0.03821729 0.01222076
 0.03696933 0.01287517 0.01091374 0.03607254 0.0361409  0.01405446
 0.03991754 0.8547621  0.85232455 0.84707224 0.01006847 0.03018856
 0.03891977 0.86573726 0.03907263 0.8690353  0.00963487 0.8768244
 0.01035464 0.84920776 0.01451702 0.0139986  0.01051811 0.03882601
 0.0098975  0.01058554 0.03879469 0.0118715  0.03878452 0.01103804
 0.03792479 0.01290862 0.00968596 0.01267216 0.01350033 0.01374517
 0.01119998 0.01125757 0.0106657  0.00993504 0.03991012 0.0122933
 0.03857277 0.03862657 0.8609427  0.01111007 0.03819641 0.87517524
 0.0400869  0.01172081 0.01180118 0.03903726 0.03793461 0.03759382
 0.04095819 0.01337269 0.04083321 0.03814277 0.03917187 0.8605063
 0.86147773 0.04146909 0.01441403 0.01270444 0.04033652 0.86635166
 0.01156555 0.01041842 0.04156883 0.01203982 0.86968195 0.03993028
 0.01090115 0.01128633 0.03758153 0.04221292 0.04000758 0.04090536
 0.01257844 0.04044054 0.8683046  0.01247715 0.0400818  0.8680707
 0.01385141 0.04121893 0.03864769 0.0109202  0.0121155  0.8589914
 0.02011123 0.8429422  0.0409482  0.01906596 0.04075448 0.03896232
 0.01610133 0.04251262 0.01525252 0.03958547 0.04019371 0.01366417
 0.01182527 0.01494333 0.01385386 0.0398835  0.8786854  0.01318888
 0.03860966 0.01196326 0.01603365 0.01326958 0.01280294 0.01261937
 0.01236018 0.01348365 0.88152695 0.01866848 0.0156746  0.01240536
 0.01253024 0.04235514 0.03979371 0.01069469 0.01757806 0.01766282
 0.04097347 0.04022916 0.0407083  0.0394529  0.8863419  0.04496922
 0.04471604 0.04465698 0.04383167 0.0434295  0.04309367 0.04288006
 0.04567029 0.04528201 0.04493413 0.04510172 0.04458131 0.0434952
 0.04347046 0.04542971 0.0454413  0.04491847 0.04480043 0.04393001
 0.04517229 0.04374488 0.04618019 0.04610614 0.04564944 0.04559842
 0.04462995 0.04403545 0.04424849 0.04640548 0.04556606 0.0455268
 0.04516542 0.04450319 0.04452132 0.04436904 0.04662826 0.04643987
 0.04570076 0.04530775 0.04482    0.04540497 0.04409552 0.04790812
 0.0475712  0.04779019 0.04626789 0.04596565 0.04623239 0.0451249
 0.04744951 0.04752457 0.04683729 0.04689426 0.04569133 0.04555234
 0.04529405 0.04866526 0.04785734 0.04725263 0.04696494 0.046451
 0.04587071 0.04582763 0.04973704 0.04919626 0.0490726  0.04817444
 0.04712113 0.04723977 0.04678702 0.04954837 0.04918184 0.04857433
 0.04871479 0.04798441 0.04699939 0.04776444 0.04911271 0.04826136
 0.04798705 0.04750269 0.04717008 0.04685046 0.04630473 0.04937301
 0.04914689 0.04858315 0.04792338 0.04757671 0.04824442 0.04730283
 0.04961086 0.04918135 0.04906179 0.04864434 0.04829425 0.04830547
 0.04749933 0.05022266 0.04984202 0.04934502 0.04915237 0.04842152
 0.04843361 0.04768169 0.0506821  0.05068185 0.05004505 0.04966065
 0.04956941 0.04906534 0.04878255 0.05180299 0.0523349  0.05223459
 0.05138217 0.05095477 0.05032583 0.05099421 0.0524645  0.05155546
 0.05123361 0.05103439 0.05086102 0.05041384 0.050501   0.05228547
 0.05132318 0.05149264 0.050844   0.05126136 0.05007917 0.04990415
 0.05244637 0.05246247 0.0522745  0.05191363 0.05071008 0.05064791
 0.05012223 0.05325085 0.05238434 0.05230908 0.05176937 0.0521994
 0.05042383 0.05045282 0.0528832  0.05278283 0.05245814 0.05182463
 0.05129195 0.05164763 0.05045231 0.05356145 0.05300931 0.05294053
 0.05206884 0.05203989 0.05169473 0.05138656 0.05574538 0.05505918
 0.05537797 0.05441815 0.05375505 0.05413467 0.05440167 0.05551561
 0.05428529 0.05404445 0.0533511  0.05272148 0.05277232 0.0531195
 0.05504957 0.05457483 0.05473258 0.05373837 0.05406835 0.05304334
 0.05283616 0.05754117 0.05748771 0.05528846 0.05622905 0.05564521
 0.05465504 0.05506987 0.05568038 0.05514785 0.0543207  0.05424456
 0.05380793 0.05363705 0.05310492 0.0556384  0.05633911 0.05493214
 0.05485378 0.05404742 0.05411988 0.05323591 0.05641012 0.05578161
 0.05578319 0.05492415 0.05511696 0.05447349 0.05412102 0.05741673
 0.05689989 0.05609562 0.05632998 0.05623879 0.05607854 0.05502555
 0.05735082 0.05743192 0.0565295  0.0559321  0.055528   0.05541788
 0.05463264 0.05827846 0.05791039 0.05797777 0.05775014 0.05647881
 0.05673967 0.0567335  0.05859333 0.05823596 0.05879683 0.05780495
 0.05723115 0.05736661 0.05706137 0.05902168 0.05946624 0.05821772
 0.05754554 0.05711158 0.05788917 0.05661237 0.0588216  0.05934041
 0.05865421 0.05838433 0.05750012 0.05718649 0.05841925 0.06038499
 0.05949702 0.0594551  0.05986033 0.05852379 0.05825452 0.05819849
 0.06013349 0.05981124 0.05951783 0.05945241 0.05893121 0.05792022
 0.05796856 0.06117292 0.06021706 0.06023373 0.05951117 0.059102
 0.05910738 0.05827946 0.06061604 0.06002515 0.05961039 0.05929566
 0.05855272 0.05837885 0.05823179 0.06112526 0.06147021 0.06047719
 0.05980982 0.05998856 0.05968247 0.05957939 0.06325962 0.06239097
 0.06207849 0.06271802 0.06130981 0.06124767 0.06123734 0.06226914
 0.06206393 0.06204208 0.06105952 0.06028887 0.06046989 0.06019766
 0.06273181 0.06222057 0.06136221 0.06144312 0.06086009 0.06051536
 0.05969054 0.06332782 0.06442098 0.06335543 0.06236541 0.06321814
 0.06198705 0.06137852 0.06410597 0.06515084]   
np_mse_Anomal = [0.9927416  0.9933659  0.21181893 0.2166558  0.21842758 0.21974859
 0.22414964 1.5019634  1.5071844  1.5142064  1.5238872  1.5246073
 0.500881   0.50233454 0.5065619  0.5100372  0.51108277 0.6125299
 0.61941016 0.62430567 0.62875724 0.62982774 0.17415136 0.17519797
 0.17909478 0.18314782 0.17976877 0.18786632 0.18976504 0.19151546
 0.19297187 0.19714878 0.665646   0.58495563 0.58955735 0.6865497
 0.4956301  0.58471817 0.5776334  1.1739703  0.58200955 0.43182766
 1.1740692  1.175574   0.44925898 0.5488298  0.45638198 0.506067
 0.5270134  1.0380529  0.44586512 0.3754152  0.20003694 0.88851005
 0.17443053 0.17432325 0.21126215 0.5184589  0.71568704 0.6321576
 0.71464765 0.53077847 0.34034604 0.1945971  0.22981313 0.30044
 0.23243186 0.36419556 0.25133547 0.3644316  0.36852562 0.32058907
 0.5233241  1.2801903  0.6371472  0.5342691  0.53966784 0.8164922
 0.5959492  0.59733325 0.5628401  0.60947293 0.59773403 0.3920215
 0.5091668  1.2007811  0.43647993 1.0709523  0.3240698  1.0733079
 1.0786073  0.509299   1.1126434  0.45826223 0.4413005  0.315463
 0.39129442 0.28385708 0.44151655 0.44577125 0.44673648 0.32909077
 0.35406032 0.3959695  0.36089846 0.3953741  0.25006354 0.8939346
 0.18170574 0.17908795 0.2657315  0.1952968  0.20081855 0.940971
 0.15629497 0.12693012 0.10232054 0.51355195 1.2782785  0.673618
 0.67367846 0.7876536  0.99591106 0.20696118 0.2093009  0.2141347
 0.21334606 0.34718722 0.29002377 0.4200571  0.425549   0.297183
 0.27238518 0.24091291 0.97149605 0.9812864  0.28544375 0.91223335
 0.90535647 0.28450197 0.35205543 0.28008386 1.142646   0.3674239
 0.44396627 0.47403887 0.49737138 0.20177673 0.17229623 0.14529599
 0.277327   0.953374   0.19907533 0.10654001 0.20438273 0.1506579
 0.9034487  0.41085714 0.59848684 1.1848636  0.6080586  0.42100364
 0.14150798 0.22756979 0.1465806  0.12089273 0.16017239 0.1663111
 0.30865887 0.19824544 0.9994157  0.20064081 0.43251944 0.34515253
 0.28748864 1.0962448  0.4494435  0.57796854 0.5232707  0.4013249
 0.45945707 0.4566937  0.47798428 0.4421056  0.3952367  0.39655876
 0.39799473 0.25965258 0.35412076 0.93416023 0.2266031  0.30409023
 0.9251783  0.3106872  0.9299251  0.18745588 0.22103153 1.0575109
 0.49919054 0.33411267 1.0675931  0.3782566  0.2387682  0.3630856
 0.24060765 0.30705893 0.27538988 0.1358004  0.13354217 0.11095873
 0.11421689 0.11924599 0.9800269  0.88911444 0.72336924 0.9894853
 0.7322928  0.18062843 0.96590877 0.96639717 0.13975176 0.19803761
 0.3158963  0.3146014  0.2591348  0.24874333 0.25825164 0.96357065
 0.18627603 0.96023476 0.27408805 0.21755426 0.49210912 0.37367436
 0.47256988 0.5019912  0.38232714 0.34710833 0.34759653 1.0993655
 0.52231395 0.5548885  0.3041572  0.37238914 0.98589814 0.96683925
 0.37996244 0.24045378 0.27250546 0.3518887  0.3569274  0.3915453
 0.19228633 0.2656777  0.23373325 0.27356425 0.21550475 1.2140777
 0.70711714 0.45064405 0.498593   0.505564   0.8271122  0.9272765
 0.93416077 0.94196767 0.94871485 1.2179805  0.6381578  0.64927185
 1.2188188  0.61879253 1.1000514  1.128278   1.1188158  1.1295125
 1.3060188  0.18912044 0.20667173 0.21304525 0.21252124 0.2537932
 0.5681374  0.3598847  1.1141596  1.1209375  0.41116822 0.77626216
 0.7274423  1.3277239  0.77292705 0.623409   0.44969517 0.5376951
 0.40737396 1.171307   0.41260925 0.24852473 0.21491481 0.24509826
 0.32069892 0.26183265 0.79292065 1.2815604  0.52147645 0.6586905
 0.5745173  0.6641938  0.812794   0.58389896 0.8284915  0.54896295
 0.17269897 0.950002   0.17516845 0.20227668 0.2065433  0.50691223
 0.3930362  0.35530818 0.3994265  0.40494287 0.26992318 0.9613729
 0.9582336  0.28007507 0.17563674 0.3730774  0.28218648 0.23957045
 0.3801255  0.2865815  0.47423685 0.3955819  0.3137363  0.47234404
 0.47287062 0.3884265  0.4315079  1.149012   0.55852467 0.44946307
 0.27025336 0.180446   0.21718563 0.27578697 0.22692421 0.9414476
 0.2917723  0.19463634 0.9430368  0.20183493 0.83446926 0.5920223
 0.7082568  0.85040355 0.60165906 0.22964755 0.19457802 0.19826229
 0.19589294 0.24851087 0.2545699  0.17426962 0.17383093 0.17749998
 0.17547065 0.1780244  0.18299773 0.20079899 0.8696553  0.2513971
 0.2953832  0.98228943 0.30340055 0.3450165  0.27025843 0.18998641
 0.19666919 0.17254183 0.175957   0.30378523 0.42015278 0.68458563
 0.59328866 0.5757038  0.4322947  0.44781384 1.1982352  0.45296538
 0.5313542  0.5224589  0.15692012 0.18426572 0.16456912 0.16910526
 0.18962091 1.0564401  0.29215276 0.26591852 0.26585135 0.29594183
 0.29775223 0.31310797 0.3398009  0.3499948  0.3115207  0.23785287
 0.15765688 0.936925   0.14284746 0.93289214 0.15296711 0.11069163
 0.9531904  0.12268702 0.11617972 0.46917194 0.3415566  0.47642422
 0.47657293 0.34937128 0.9823509  0.28811786 0.29085162 0.97557324
 0.30856544 0.556519   0.5515351  0.5544348  0.5628172  0.672703
 0.1629182  0.2529873  0.31939384 0.32939023 0.27625594 0.9504305
 0.23317955 0.21176592 0.23456046 0.23106411 0.18722282 0.30821303
 0.9922208  0.17720082 0.98779213 0.1265833  0.13614364 0.14131273
 0.16976492 0.172511   0.55911326 0.41589695 0.42360628 1.1179035
 0.44450313 0.9898971  0.42248026 0.25660223 0.42905152 0.29132313
 0.40552017 0.3952584  1.0583513  0.5131021  0.32334992 0.717721
 0.6464351  1.463104   0.64579743 1.0355995  0.17104353 0.19280806
 0.17859922 0.2862639  0.24494863 0.95404    0.959196   0.9487709
 0.3877671  0.28483462 0.6779285  0.8643472  1.3318286  0.69063056
 0.61394584 0.21345574 0.17999712 0.21416631 0.21662807 0.20411858
 0.2057834  0.23271386 0.941619   0.21806383 0.34271628 0.34684926
 0.3558383  0.36677563 0.30993634 0.36004144 0.3330261  0.33211067
 0.3330198  0.34525695 0.3464777  0.5460592  0.5470449  0.43201768
 1.090494   0.34571108 0.40976682 0.37576088 0.32427698 0.38650152
 0.32757905 0.37252218 0.99882096 0.29736015 0.2996703  0.3789209
 0.956308   0.9598694  0.14849001 0.13975392 0.17029585 0.519225
 0.4013357  0.3803506  0.5295499  0.38326356 0.5208574  0.33565897
 0.30286556 0.31530607 1.1284626  0.20212485 0.18694894 0.22247809
 0.34574607 0.34585506 0.26915473 0.23599201 1.0214664  0.41712898
 0.27653158 0.29303464 0.25329182 0.36791834 0.97537774 0.25942224
 0.28735554 0.9500943  0.1959088  0.20115258 0.29796284 0.36480507
 0.54558736 0.39937824 0.41991588 0.3735679  0.16186088 0.2073325
 0.15699658 0.2140229  0.33029175 0.5127128 ]   
shapes = (568,)
2025-01-07 13:51:05,153 INFO metrics_Norm = (568,)
2025-01-07 13:51:05,155 INFO METRICS: 
metrics_mse_Normal = 
[[0.03246519 0.03200915 0.01093649 ... 0.06137852 0.06410597 0.06515084]
 [1.         1.         1.         ... 1.         1.         1.        ]]
metrics_mse_Anomal = 
[[0.99274158 0.99336588 0.21181893 ... 0.2140229  0.33029175 0.51271278]
 [0.         0.         0.         ... 0.         0.         0.        ]]
shapes = (2, 568)
2025-01-07 13:51:05,158 INFO RSHPE METRICS: 
metrics_mse_Normal = 
[[0.06515084 1.        ]
 [0.06410597 1.        ]
 [0.06137852 1.        ]
 ...
 [0.01093649 1.        ]
 [0.03200915 1.        ]
 [0.03246519 1.        ]]
metrics_mse_Anomal = 
[[0.51271278 0.        ]
 [0.33029175 0.        ]
 [0.2140229  0.        ]
 ...
 [0.21181893 0.        ]
 [0.99336588 0.        ]
 [0.99274158 0.        ]]
2025-01-07 13:51:05,159 INFO barrier_line = 0
2025-01-07 13:51:05,162 INFO list_mse = [0.06515084 0.06410597 0.06137852 ... 0.21181893 0.99336588 0.99274158], shapes = (1136,)
2025-01-07 13:51:18,256 INFO max_acc = 0.9647887349128723
2025-01-07 13:51:18,461 INFO index_max_acc = 528
2025-01-07 13:51:18,461 INFO res_barrier_line = 0.10232054442167282
2025-01-07 13:51:18,470 INFO rsh_valid_arr = [[1]
 [1]
 [1]
 ...
 [0]
 [0]
 [0]]
2025-01-07 13:51:18,471 INFO np_valid_arr = [[0.06515084 1.         1.        ]
 [0.06410597 1.         1.        ]
 [0.06137852 1.         1.        ]
 ...
 [0.21181893 0.         0.        ]
 [0.99336588 0.         0.        ]
 [0.99274158 0.         0.        ]]
2025-01-07 13:51:20,965 INFO all_mse = (1136, 3) 
indexses = (1136,)
2025-01-07 13:51:20,967 INFO big_all_mse = (852, 3) 
small_all_mse = (284, 3)
2025-01-07 13:51:30,053 INFO Prec = 1.0
2025-01-07 13:51:30,057 INFO Rec = 0.9295774698257446
2025-01-07 13:51:30,058 WARNING The added token already exists in the token cache, skipping
2025-01-07 13:51:31,095 INFO HTTP Request: GET https://dagshub.com/api/v1/repos/Dimitriy200/diplom_autoencoder "HTTP/1.1 200 OK"
2025-01-07 13:51:31,101 INFO Initialized MLflow to track repo "Dimitriy200/diplom_autoencoder"
2025-01-07 13:51:31,103 INFO Repository Dimitriy200/diplom_autoencoder initialized!
2025-01-07 13:51:34,446 INFO START GET CLASS OBJECT
2025-01-07 13:51:34,962 INFO res_data = [[0.94994617 0.        ]
 [0.94151741 0.        ]
 [0.19800781 0.        ]
 [0.19896621 0.        ]
 [0.1628419  0.        ]
 [0.0912402  1.        ]
 [0.20622829 0.        ]
 [0.20480815 0.        ]
 [0.10204908 0.        ]
 [0.1698011  0.        ]
 [0.94731182 0.        ]
 [0.1641807  0.        ]
 [0.16571802 0.        ]
 [0.19712359 0.        ]
 [0.16267656 0.        ]
 [0.20225801 0.        ]
 [0.16312157 0.        ]
 [0.16116518 0.        ]
 [0.16279551 0.        ]
 [0.10185929 0.        ]
 [0.20413089 0.        ]
 [0.10602881 0.        ]
 [0.15971874 0.        ]
 [0.11359351 0.        ]
 [0.1752167  0.        ]
 [0.18033984 0.        ]
 [0.17860405 0.        ]
 [0.19257151 0.        ]
 [0.16359481 0.        ]
 [0.15815917 0.        ]
 [0.09097379 1.        ]
 [0.09102328 1.        ]
 [0.15923801 0.        ]
 [0.09879538 1.        ]
 [0.15577738 0.        ]
 [0.16183457 0.        ]
 [0.2064686  0.        ]
 [0.09211398 1.        ]
 [0.14305629 0.        ]
 [0.15152261 0.        ]
 [0.15928769 0.        ]
 [0.19501011 0.        ]
 [0.94481593 0.        ]
 [0.18477777 0.        ]
 [0.08943292 1.        ]
 [0.18727595 0.        ]
 [0.15740296 0.        ]
 [0.17692336 0.        ]
 [0.95876735 0.        ]
 [0.19258809 0.        ]
 [0.18551849 0.        ]
 [0.1790472  0.        ]
 [0.17016068 0.        ]
 [0.11899756 0.        ]
 [0.95424199 0.        ]
 [0.12111104 0.        ]
 [0.19092336 0.        ]
 [0.93609518 0.        ]
 [0.13693526 0.        ]
 [0.93443382 0.        ]
 [0.1429103  0.        ]
 [0.19088167 0.        ]
 [0.15693912 0.        ]
 [0.10021275 0.        ]
 [0.14792378 0.        ]
 [0.15417814 0.        ]
 [0.09729024 1.        ]
 [0.93794382 0.        ]
 [0.19177398 0.        ]
 [0.17856051 0.        ]
 [0.15738252 0.        ]
 [0.19010243 0.        ]
 [0.14926864 0.        ]
 [0.19255155 0.        ]
 [0.1900411  0.        ]
 [0.14975916 0.        ]
 [0.10309184 0.        ]
 [0.94189233 0.        ]
 [0.17101611 0.        ]
 [0.16845495 0.        ]
 [0.17590427 0.        ]
 [0.18273526 0.        ]
 [0.17577495 0.        ]
 [0.95409924 0.        ]
 [0.15675609 0.        ]
 [0.10519907 0.        ]
 [0.17670316 0.        ]
 [0.11390004 0.        ]
 [0.155039   0.        ]
 [0.15517324 0.        ]
 [0.10334606 0.        ]
 [0.14651792 0.        ]
 [0.09169959 1.        ]
 [0.1833317  0.        ]
 [0.15312581 0.        ]
 [0.09592129 1.        ]
 [0.17424062 0.        ]
 [0.190749   0.        ]
 [0.94366062 0.        ]
 [0.13522255 0.        ]
 [0.15379645 0.        ]
 [0.15107189 0.        ]
 [0.17735463 0.        ]
 [0.07357888 1.        ]
 [0.19068626 0.        ]
 [0.193895   0.        ]
 [0.06968202 1.        ]
 [0.17948237 0.        ]
 [0.18819855 0.        ]
 [0.9295758  0.        ]
 [0.14523003 0.        ]
 [0.08342265 1.        ]
 [0.18225731 0.        ]
 [0.17032303 0.        ]
 [0.14987411 0.        ]
 [0.94347298 0.        ]
 [0.94002283 0.        ]
 [0.18131703 0.        ]
 [0.09338489 1.        ]
 [0.19441764 0.        ]
 [0.93799758 0.        ]
 [0.17638904 0.        ]
 [0.93805128 0.        ]
 [0.18247679 0.        ]
 [0.18189643 0.        ]
 [0.94032389 0.        ]
 [0.1407515  0.        ]
 [0.13683611 0.        ]
 [0.18826577 0.        ]
 [0.17590317 0.        ]
 [0.18002221 0.        ]
 [0.18361409 0.        ]
 [0.17772664 0.        ]
 [0.19294325 0.        ]
 [0.14781547 0.        ]
 [0.15777196 0.        ]
 [0.15484129 0.        ]
 [0.14688212 0.        ]
 [0.14633855 0.        ]
 [0.14988534 0.        ]
 [0.14408647 0.        ]
 [0.14639771 0.        ]
 [0.19387865 0.        ]
 [0.19185939 0.        ]
 [0.19752017 0.        ]
 [0.18862501 0.        ]
 [0.20004103 0.        ]
 [0.20348565 0.        ]
 [0.17332199 0.        ]
 [0.14502972 0.        ]
 [0.08198517 1.        ]
 [0.14592014 0.        ]
 [0.92917317 0.        ]
 [0.1872856  0.        ]
 [0.18625453 0.        ]
 [0.18128809 0.        ]
 [0.17629513 0.        ]
 [0.14519396 0.        ]
 [0.08600865 1.        ]
 [0.08034725 1.        ]
 [0.16363738 0.        ]
 [0.17202415 0.        ]
 [0.93405753 0.        ]
 [0.14445025 0.        ]
 [0.93165934 0.        ]
 [0.17195374 0.        ]
 [0.14533319 0.        ]
 [0.1633435  0.        ]
 [0.16917697 0.        ]
 [0.93433094 0.        ]
 [0.93341726 0.        ]
 [0.14356437 0.        ]
 [0.17297953 0.        ]
 [0.14502011 0.        ]
 [0.13950165 0.        ]
 [0.14585614 0.        ]
 [0.14255483 0.        ]
 [0.16277327 0.        ]
 [0.17090766 0.        ]
 [0.17063147 0.        ]
 [0.07383357 1.        ]
 [0.17482528 0.        ]
 [0.14156634 0.        ]
 [0.92087048 0.        ]
 [0.16983511 0.        ]
 [0.93687719 0.        ]
 [0.14206524 0.        ]
 [0.14371887 0.        ]
 [0.17551175 0.        ]
 [0.09952094 1.        ]
 [0.08940442 1.        ]
 [0.16230996 0.        ]
 [0.93751818 0.        ]
 [0.16547383 0.        ]
 [0.1298691  0.        ]
 [0.10096199 0.        ]
 [0.1650694  0.        ]
 [0.1285869  0.        ]
 [0.15997352 0.        ]
 [0.14337824 0.        ]
 [0.16290945 0.        ]
 [0.09938134 1.        ]
 [0.12222239 0.        ]
 [0.15855566 0.        ]
 [0.12400988 0.        ]
 [0.08140405 1.        ]
 [0.93209529 0.        ]
 [0.14107083 0.        ]
 [0.14096613 0.        ]
 [0.93618321 0.        ]
 [0.93574059 0.        ]
 [0.13906181 0.        ]
 [0.1512365  0.        ]
 [0.93347371 0.        ]
 [0.16322277 0.        ]
 [0.16178511 0.        ]
 [0.12867084 0.        ]
 [0.17080536 0.        ]
 [0.15718609 0.        ]
 [0.13801298 0.        ]
 [0.13876598 0.        ]
 [0.15087169 0.        ]
 [0.07468427 1.        ]
 [0.16838074 0.        ]
 [0.92918706 0.        ]
 [0.17254162 0.        ]
 [0.06401215 1.        ]]
