np_mse_Normal = 
[0.03260648 0.03208452 0.01944392 0.04427439 0.04509308 0.01777493
 0.03306572 0.03269598 0.01825051 0.04501127 0.01962161 0.8817254
 0.01654112 0.04830047 0.0496538  0.02019728 0.02696472 0.02842942
 0.8999654  0.01782605 0.04902126 0.02001673 0.0214316  0.04733939
 0.04741379 0.89638174 0.04594798 0.02745582 0.8913294  0.8791455
 0.9004667  0.03243386 0.8936732  0.01849015 0.04753781 0.03415846
 0.04691559 0.8781819  0.8782229  0.01893119 0.04561434 0.03491513
 0.0343074  0.03383831 0.04687053 0.04583001 0.04607922 0.0323589
 0.87910944 0.02768441 0.02690756 0.03507214 0.04652307 0.04571488
 0.01837458 0.0352939  0.0279089  0.02074763 0.04703842 0.03361534
 0.02606715 0.04460336 0.02927088 0.04833326 0.036481   0.8875832
 0.0203643  0.0190493  0.8955018  0.02236392 0.02889181 0.02131788
 0.03464463 0.02855578 0.01973388 0.01934997 0.04947615 0.02947712
 0.8764714  0.04926074 0.02735362 0.01979943 0.04654135 0.91026074
 0.05084398 0.04978599 0.022472   0.02985719 0.04812257 0.03017151
 0.8877869  0.0501765  0.1294587  0.02146829 0.88793117 0.04676105
 0.03573904 0.02231834 0.03751533 0.04794828 0.03651691 0.04787845
 0.8866266  0.02715089 0.04876973 0.0233137  0.03005134 0.89083946
 0.02049482 0.87378985 0.02085053 0.8888557  0.05010707 0.03746684
 0.02166471 0.02132556 0.01963467 0.04751736 0.0381147  0.02197747
 0.03715321 0.02163746 0.02959014 0.03598739 0.04668729 0.02436218
 0.05012799 0.88402396 0.88143337 0.87616795 0.03051018 0.12853958
 0.03930512 0.89468277 0.05002534 0.89784783 0.02187291 0.90463126
 0.0217704  0.8788234  0.02418351 0.02363919 0.03049684 0.04892502
 0.02953687 0.02123769 0.0501262  0.02247578 0.03878479 0.03053519
 0.03817223 0.02333133 0.02186888 0.03461024 0.02389733 0.02473493
 0.02339854 0.02365573 0.02286238 0.03052291 0.04018193 0.03157059
 0.05053888 0.03898557 0.8909859  0.03025864 0.04926062 0.9056903
 0.04002577 0.02280266 0.03237456 0.03908389 0.04887132 0.04827261
 0.04089268 0.02368938 0.04047015 0.05026229 0.03893737 0.8912723
 0.891952   0.04134614 0.02485426 0.02320529 0.03994412 0.89781135
 0.02309274 0.03199933 0.04190897 0.02395897 0.90098345 0.05032683
 0.03150127 0.03167164 0.04874764 0.04176064 0.05185794 0.0411064
 0.02466244 0.04018517 0.8993746  0.02283484 0.05262019 0.9004806
 0.02529384 0.04169944 0.05140188 0.03257238 0.02363667 0.8915937
 0.02553068 0.8750214  0.05062618 0.02477397 0.04079971 0.04875055
 0.02726812 0.04223613 0.02395153 0.05109059 0.05012309 0.02464648
 0.02341891 0.03477521 0.03472993 0.05243685 0.9113547  0.02479954
 0.05081417 0.0238024  0.02904646 0.02685808 0.02600591 0.03664781
 0.02599496 0.02475245 0.91537225 0.02645141 0.03569608 0.03514886
 0.03483045 0.0422655  0.05042678 0.03350278 0.02759637 0.02585608
 0.05288657 0.05231688 0.05193824 0.05086679 0.92061603 0.04473796
 0.04536034 0.04455701 0.04377442 0.04369806 0.04310556 0.04263451
 0.04524598 0.04460424 0.04438551 0.04409205 0.04401764 0.04305175
 0.04264741 0.04513022 0.04489853 0.04436354 0.04413211 0.04392769
 0.04397259 0.04293837 0.04663537 0.04730729 0.0460134  0.04673084
 0.04506815 0.04459028 0.04507316 0.04701868 0.04562564 0.04564875
 0.04516312 0.04466402 0.04488014 0.04443304 0.04647595 0.04633863
 0.04624861 0.04581641 0.04521041 0.04480019 0.04427857 0.04700471
 0.0471336  0.04701539 0.04565213 0.0453757  0.04561043 0.04485189
 0.04761536 0.04913621 0.04755891 0.04814837 0.0459396  0.04603056
 0.04611612 0.0484146  0.04721828 0.04670112 0.04716931 0.04697717
 0.0456201  0.04527662 0.0490126  0.04823871 0.04896322 0.04807989
 0.04644293 0.04632338 0.04613507 0.04882024 0.04851558 0.0477377
 0.04803937 0.04719241 0.04632527 0.04712652 0.04858277 0.04815901
 0.04799946 0.04728762 0.047159   0.04658835 0.0464679  0.04926554
 0.04923138 0.04859218 0.04805426 0.04810052 0.04927232 0.04775818
 0.04937642 0.04891388 0.0486517  0.04841342 0.04774083 0.04742807
 0.04726524 0.0505119  0.05013857 0.04979933 0.04928811 0.04855367
 0.04858283 0.04819842 0.05012836 0.04979276 0.04940199 0.04916853
 0.04874703 0.04835515 0.04798912 0.05168568 0.05184029 0.05239749
 0.0503387  0.05008579 0.05025651 0.05015836 0.05176268 0.05122183
 0.05096004 0.05025282 0.05000573 0.0497159  0.04948492 0.05246218
 0.05116449 0.05093686 0.05012858 0.05026216 0.05063763 0.04932692
 0.05203434 0.05166863 0.05125994 0.05065973 0.05021274 0.05043481
 0.04993886 0.05238724 0.05212733 0.05177989 0.05111388 0.05087306
 0.05022299 0.04965248 0.05262923 0.05288879 0.05216586 0.05201529
 0.05149105 0.05122587 0.05063524 0.05323574 0.05258496 0.05290705
 0.05158573 0.05140811 0.05105762 0.05074269 0.05591761 0.05428908
 0.05638332 0.05451001 0.05347832 0.05396768 0.05394284 0.05485698
 0.05385325 0.0535665  0.05297419 0.05271489 0.05332101 0.05258984
 0.05448766 0.05385995 0.05360036 0.0540118  0.05296836 0.05211712
 0.05188272 0.05688383 0.05615929 0.05510504 0.05551437 0.05566559
 0.05576561 0.05403452 0.05516268 0.05516798 0.05453351 0.05374227
 0.05367022 0.0532259  0.05272299 0.05549486 0.05597961 0.05496951
 0.05464562 0.05373212 0.05477674 0.05340666 0.05569326 0.05540226
 0.05520946 0.05458973 0.05410391 0.05375497 0.05343348 0.05852842
 0.05774269 0.05596257 0.05709305 0.05783292 0.05770465 0.05518505
 0.05663635 0.05671023 0.0558636  0.05589422 0.05527969 0.0548334
 0.05433841 0.05744837 0.05702391 0.05706968 0.05639951 0.0556915
 0.05542291 0.05551489 0.05748508 0.0574323  0.0571136  0.056641
 0.05622698 0.05668414 0.05569014 0.05859228 0.05813349 0.05753136
 0.0566717  0.05657503 0.05610718 0.05571873 0.05845528 0.05836868
 0.05789694 0.0575863  0.0566905  0.05651855 0.05735044 0.05919609
 0.05854233 0.0584131  0.05832818 0.05752639 0.0571265  0.05748799
 0.05964521 0.05886345 0.05839144 0.05877319 0.05779987 0.0572276
 0.05675159 0.05994365 0.0594556  0.05934478 0.05884602 0.05810639
 0.05792322 0.05762535 0.06069543 0.05996031 0.05914393 0.05916648
 0.05871331 0.05843387 0.05787926 0.06054384 0.06029042 0.05971682
 0.05933377 0.05908551 0.05888513 0.05838273 0.06226377 0.06134423
 0.06128965 0.06205123 0.06047834 0.06055377 0.05953762 0.06160078
 0.06132618 0.06093655 0.06018452 0.05975337 0.05949122 0.05935343
 0.06297762 0.06197647 0.06132822 0.06125196 0.06030731 0.06009326
 0.0597399  0.06300418 0.06267215 0.0617178  0.06127246 0.06140793
 0.06040917 0.06020286 0.06284081 0.06388737]   
np_mse_Anomal = 
[0.8024588  0.8075559  0.1824585  0.18734485 0.18713413 0.19155557
 0.19737673 1.2345784  1.2391089  1.2432402  1.2504171  1.2552114
 0.40592587 0.4093494  0.41353732 0.4217434  0.42079532 0.49622387
 0.50003743 0.50321877 0.51069874 0.5120796  0.14396659 0.14524564
 0.14758505 0.14921373 0.14873813 0.15187202 0.15353218 0.15669431
 0.15551567 0.15890098 0.53675723 0.5377293  0.53817236 0.25975516
 0.55256385 0.22351192 0.23188041 1.2578882  0.22858143 0.47886986
 1.2431395  1.2443053  0.49888927 0.50975543 0.5115626  0.422988
 0.22545153 1.1212252  0.44578475 0.40163916 0.20665723 0.9615583
 0.17994563 0.1837318  0.21630666 0.57487595 0.5807596  0.5875008
 0.3065932  0.58996063 0.12816992 0.23898937 0.26634043 0.25864622
 0.2695196  0.12421495 0.2805066  0.29913715 0.29828304 0.29188743
 0.5837954  1.3439822  0.58965725 0.58990645 0.59803396 0.6536389
 0.6552611  0.6560145  0.6256373  0.66603017 0.46503454 0.44632757
 0.46231923 1.2899417  0.48907918 1.1482123  0.3722849  1.149357
 1.1548501  0.42769206 1.1995486  0.35823968 0.19096813 0.3684433
 0.35091907 0.32144886 0.36269027 0.36754087 0.37201393 0.36518443
 0.29911268 0.116382   0.30121672 0.1184697  0.27162242 0.9689238
 0.1938838  0.19355685 0.2268113  0.19906677 0.16824582 1.0270288
 0.11442205 0.16235194 0.13444191 0.573908   1.3549347  0.6372009
 0.63492256 0.6415482  1.0862285  0.2503083  0.25120428 0.2541247
 0.2579603  0.3247422  0.3173755  0.34277934 0.34562218 0.32442597
 0.292291   0.2620208  1.0518587  1.0613605  0.3009892  0.98497206
 0.9774177  0.31332862 0.32380664 0.27218834 1.2379754  0.42017826
 0.40244675 0.17388926 0.17478412 0.2020577  0.2073465  0.17952229
 0.22238079 1.0414755  0.16445538 0.11931913 0.16842037 0.10830486
 0.9885191  0.46289346 0.465658   1.2821755  0.46966824 0.47582754
 0.16718496 0.18360917 0.1699004  0.14120747 0.17019072 0.21363434
 0.24845481 0.24246003 1.0939219  0.24491686 0.3405334  0.32233903
 0.34205076 1.1925051  0.35022354 0.2845333  0.55328596 0.43656176
 0.48414582 0.48298678 0.37515777 0.15076958 0.36735722 0.36866194
 0.3707935  0.26540697 0.13923821 1.0163949  0.23893707 0.3080219
 1.0078984  0.25547016 1.0155658  0.20130847 0.23405792 1.155148
 0.19635235 0.3691064  1.1662056  0.41061667 0.24969172 0.30624077
 0.26124915 0.29889852 0.28735617 0.10403553 0.14785697 0.11610138
 0.11793681 0.15210678 0.79735035 0.41515395 0.78684586 0.8099966
 0.7915608  0.1948766  1.0633554  1.0620651  0.17647745 0.11625028
 0.26684406 0.26837358 0.25797766 0.24555668 0.25087827 1.0555204
 0.21350148 1.053145   0.11493275 0.24924621 0.19833833 0.41138637
 0.17342065 0.20623437 0.42005745 0.3892495  0.39649832 1.1930624
 0.17636116 0.46239597 0.2982642  0.313786   1.0747215  1.0519488
 0.3238541  0.2250882  0.25541928 0.33964485 0.34467584 0.23861554
 0.21247993 0.2324759  0.10499505 0.23953404 0.20098962 1.3095728
 0.5745548  0.5156357  0.55409044 0.56177133 0.3879894  0.7588484
 0.76271623 0.76979095 0.7728965  1.313821   0.23910585 0.28293028
 1.3150929  0.598469   1.0586898  0.69056183 1.0808799  1.0873189
 1.0725257  0.16251892 0.0775903  0.0783626  0.07489049 0.20700622
 0.4647757  0.41318196 1.2139082  1.220128   0.45126376 0.3528401
 0.69913065 1.424195   0.3493861  0.6803044  0.49447167 0.5177122
 0.46539596 1.2705377  0.4711474  0.23588234 0.20607315 0.25724408
 0.281294   0.24452665 0.63967955 1.3957233  0.579959   0.64538544
 0.6245785  0.28256267 0.64597565 0.64687455 0.651987   0.62104267
 0.19510597 1.0468031  0.19728993 0.22625934 0.22908476 0.16713363
 0.43524298 0.40018353 0.43758756 0.44158176 0.2248253  1.0633668
 1.0612402  0.22970277 0.11937111 0.31996366 0.31169084 0.24270415
 0.33638301 0.28352338 0.4448237  0.47243115 0.32795298 0.28823215
 0.28401068 0.44223425 0.4782265  1.2543803  0.21106905 0.48979104
 0.24052629 0.22328109 0.19505535 0.25182864 0.19928163 1.0384218
 0.23919542 0.2193786  1.0384965  0.2138723  0.68147403 0.6535053
 0.6841702  0.6896455  0.662651   0.19879052 0.07739933 0.07929917
 0.07518169 0.20892991 0.21443793 0.18610866 0.11491774 0.11651706
 0.19149922 0.24761556 0.24732536 0.15882625 0.9324383  0.20260048
 0.29652074 1.0818425  0.30038768 0.11836755 0.2762186  0.21727449
 0.22560446 0.18658757 0.10846024 0.24871205 0.4857767  0.556574
 0.21808268 0.55850273 0.49738204 0.50561047 1.3236866  0.51224494
 0.5215744  0.520443   0.18713897 0.21749856 0.19112648 0.19373491
 0.22281697 1.1738832  0.33823988 0.31138578 0.31296557 0.34576592
 0.3024884  0.34506452 0.14437819 0.15068696 0.31257072 0.20130394
 0.17298838 1.0386183  0.1442499  1.0340657  0.1697819  0.18483397
 1.0605979  0.12547311 0.18498856 0.3899411  0.35824952 0.3952107
 0.40147087 0.3668434  1.0781252  0.3076971  0.09523141 1.0763829
 0.29795188 0.21851026 0.5365576  0.22359452 0.22739576 0.5575606
 0.3445427  0.22787713 0.29648018 0.3063922  0.24074274 1.0488455
 0.11857251 0.20367719 0.10976839 0.24280511 0.22910684 0.2561092
 1.1050855  0.23635282 1.0977291  0.11552685 0.11486487 0.126671
 0.18991368 0.1957619  0.44925594 0.42945653 0.43494385 1.2417697
 0.44849616 1.0979291  0.35196608 0.2745581  0.3585774  0.3153696
 0.13353969 0.40774533 1.172426   0.4329513  0.35321876 0.7872964
 0.74529827 1.5808969  0.75182575 0.8576038  0.23094474 0.1051923
 0.23756002 0.26295292 0.20363007 1.0460505  1.0459087  1.041855
 0.3404576  0.27988225 0.27627757 0.7128496  1.4563563  0.30103153
 0.6762016  0.23144414 0.10635539 0.23704949 0.2373407  0.2514097
 0.20184025 0.23928629 1.0384687  0.1054206  0.29201108 0.35611588
 0.12487252 0.38750347 0.3299988  0.36624342 0.32983738 0.11057043
 0.3354224  0.36760598 0.34367597 0.45615074 0.46117184 0.1713193
 1.2041256  0.38408667 0.1445876  0.38851574 0.3543606  0.3994102
 0.36367747 0.17161989 1.0987267  0.31412452 0.31763232 0.4320056
 1.0646715  1.0720055  0.11935823 0.21697512 0.17589763 0.43759
 0.41838694 0.13326155 0.4483232  0.39862478 0.4166171  0.17116319
 0.36460397 0.15757641 1.2661338  0.2055842  0.25458315 0.24452415
 0.2841082  0.2883133  0.3010284  0.11399775 1.1387439  0.34334132
 0.30634612 0.25911418 0.29928735 0.32262614 1.0741642  0.30890766
 0.24386965 1.0564523  0.208582   0.21066591 0.25186265 0.39298975
 0.45596716 0.4422622  0.45060843 0.403146   0.2427304  0.22928005
 0.11260173 0.23295838 0.27367622 0.20880097]



2024-06-19 02:51:35,647 INFO mid_Norm = 0.5360986974092797
2024-06-19 02:51:35,648 INFO mid_Anom = 0.21498790169528254
2024-06-19 02:51:35,649 INFO median_Norm = 0.9451697468757629
2024-06-19 02:51:35,649 INFO median_Aorm = 0.033504124730825424
2024-06-19 02:51:35,655 INFO mode_Norm = ModeResult(mode=array([0.00613212, 1.        ]), count=array([  1., 568.]))
2024-06-19 02:51:35,656 INFO mode_Anom = ModeResult(mode=array([0.06700825, 0.        ]), count=array([  1., 568.]))
