2025-01-12 17:24:16,646 INFO None
2025-01-12 17:24:18,019 INFO HTTP Request: GET https://dagshub.com/api/v1/user "HTTP/1.1 200 OK"
2025-01-12 17:24:18,032 INFO Accessing as Dimitriy200
2025-01-12 17:24:18,951 INFO HTTP Request: GET https://dagshub.com/api/v1/repos/Dimitriy200/diplom_autoencoder "HTTP/1.1 200 OK"
2025-01-12 17:24:19,810 INFO HTTP Request: GET https://dagshub.com/api/v1/user "HTTP/1.1 200 OK"
2025-01-12 17:24:19,814 INFO Initialized MLflow to track repo "Dimitriy200/diplom_autoencoder"
2025-01-12 17:24:19,815 INFO Repository Dimitriy200/diplom_autoencoder initialized!
2025-01-12 17:24:21,488 INFO START TRAIN, PARAMETRES: EPOCHS = 50
BATCH_SIZE = 50, 
 TRAIN_DATA_SIZE = (2268, 26)
2025-01-12 17:25:58,468 WARNING Connection pool is full, discarding connection: dagshub.com. Connection pool size: 10
2025-01-12 17:26:17,554 INFO START PREDICT
2025-01-12 17:26:18,235 INFO RMSE = 1.013584852218628
2025-01-12 17:26:18,235 INFO NP_RMSE = 1.013584852218628
2025-01-12 17:26:43,878 WARNING The added token already exists in the token cache, skipping
2025-01-12 17:26:44,773 INFO HTTP Request: GET https://dagshub.com/api/v1/repos/Dimitriy200/diplom_autoencoder "HTTP/1.1 200 OK"
2025-01-12 17:26:44,777 INFO Initialized MLflow to track repo "Dimitriy200/diplom_autoencoder"
2025-01-12 17:26:44,778 INFO Repository Dimitriy200/diplom_autoencoder initialized!
2025-01-12 17:26:54,413 INFO INPUR DATA: 
choise_Normal = (2268, 26)
control_Normal = (568, 26)
choise_Anomal = (2268, 26)
control_Anomal = (568, 26)
2025-01-12 17:26:54,414 INFO START PREDICT
2025-01-12 17:26:54,888 INFO START PREDICT
2025-01-12 17:26:55,114 INFO METRICS: 
np_mse_Normal = [0.919836   0.9237203  0.7360633  1.0105872  1.0221201  0.73020464
 0.9263678  0.9252295  0.19886777 1.009637   0.737963   3.127371
 0.19218291 1.0191272  1.0227255  0.74765235 0.21624504 0.21473564
 3.1608033  0.19797966 1.0282154  0.20403981 0.74348825 1.0142344
 1.0204141  3.1524572  1.0093392  0.2192211  3.140569   3.1214232
 3.1638484  0.9114128  3.146595   0.19757803 1.0253476  0.9195007
 1.0211288  3.1214106  3.1159477  0.73683894 1.0251178  0.91043705
 0.9172331  0.9028136  1.020956   1.0195487  1.0195829  0.90016323
 3.1164207  0.22139652 0.2235092  0.91545415 1.0088927  1.008939
 0.19646242 0.912627   0.22085698 0.7442864  1.0184801  0.90667224
 0.21806182 1.004649   0.22613727 1.0137336  0.92404324 3.133469
 0.7262682  0.19740336 3.1480215  0.7283099  0.2292038  0.19707629
 0.91826355 0.22678113 0.7268952  0.1917668  1.0083266  0.2292874
 3.1182337  1.0012549  0.22265719 0.19668457 1.002563   3.1756034
 1.0202895  1.0079653  0.73763025 0.21665432 1.0050846  0.21004985
 3.1361022  1.0079167  0.19429001 0.20587642 3.1296992  1.0042535
 0.91267335 0.20325136 0.9158557  1.0101029  0.91276413 1.0131847
 3.124404   0.21527797 1.0094441  0.7391243  0.2293658  3.1296854
 0.19208255 3.1024578  0.7321257  3.122739   1.0169048  0.9154355
 0.745165   0.19757226 0.19254261 1.0060804  0.907908   0.19509228
 0.9240341  0.19289127 0.22477463 0.90798295 1.0105304  0.7356081
 1.0013361  3.1310964  3.1192393  3.1126122  0.21947972 0.18806568
 0.9097865  3.137937   1.0257187  3.1475992  0.19846576 3.1463077
 0.73280835 3.1221914  0.73760885 0.730255   0.2216406  1.0159472
 0.22348247 0.72339565 1.0113826  0.19952169 0.9088182  0.21959311
 0.9092775  0.7319182  0.73481905 0.22248706 0.20380878 0.7351643
 0.20113061 0.73698974 0.73053896 0.21572115 0.9231228  0.22170608
 1.0149128  0.9197517  3.1277049  0.21568953 1.0052364  3.15692
 0.9077245  0.19624299 0.21687053 0.9117721  1.0099524  1.0098383
 0.90388083 0.19759509 0.90560424 1.0183997  0.91835743 3.1259286
 3.1250677  0.9126354  0.75008774 0.19286792 0.9088905  3.1495404
 0.19019079 0.21811031 0.9131844  0.197867   3.1355672  1.0115168
 0.21800707 0.21768649 1.0065575  0.9148599  1.0186144  0.9224581
 0.74974537 0.9111741  3.12642    0.73693275 1.0233594  3.1485596
 0.739742   0.9109274  1.023804   0.21440157 0.73815864 3.131846
 0.7265244  3.1047652  1.013844   0.7289698  0.9253975  1.0051732
 0.20044151 0.9123596  0.19450118 1.0169886  1.0143056  0.74025726
 0.7336016  0.21932165 0.22118513 1.0247537  3.1589572  0.7412574
 1.0178126  0.73900825 0.746864   0.204233   0.20207478 0.21674766
 0.20199583 0.19798282 3.1667008  0.7379638  0.2194477  0.22497632
 0.2206866  0.9054463  1.0189382  0.21636397 0.74086326 0.1943902
 1.0219331  1.0235524  1.0173805  1.0173497  3.1774788  0.9162617
 0.9219875  0.9228089  0.9171971  0.92331856 0.91580194 0.9209664
 0.9132007  0.9020628  0.90464413 0.8941194  0.8991757  0.90174145
 0.89248854 0.91262335 0.91473114 0.9107772  0.9168727  0.91093636
 0.8863782  0.9078178  0.9204457  0.92411053 0.91611826 0.9226901
 0.91837764 0.92195904 0.9114799  0.92331153 0.91609    0.9060854
 0.90336335 0.91536933 0.9085435  0.9116514  0.9160539  0.9106947
 0.9354003  0.9358727  0.92528385 0.9171027  0.91662323 0.897074
 0.89719    0.8840796  0.89934766 0.89480823 0.8858729  0.89364624
 0.9232196  0.9307838  0.92281395 0.9209171  0.9200608  0.91484714
 0.9168716  0.9363909  0.9166078  0.9285706  0.92268765 0.93344015
 0.9160311  0.9132815  0.88609403 0.88472086 0.87917113 0.88211304
 0.8946463  0.88870335 0.8901667  0.89266366 0.891042   0.8906078
 0.8918728  0.89214206 0.8914089  0.88178265 0.9189967  0.91835684
 0.9237246  0.9099589  0.9122337  0.91631925 0.92164445 0.9172707
 0.9256526  0.91582006 0.9184607  0.9278246  0.9211322  0.91654354
 0.9095767  0.9240992  0.9094037  0.91534466 0.9078206  0.9076183
 0.8974641  0.93200946 0.9354709  0.92426217 0.92685467 0.91171485
 0.9253826  0.92573327 0.92048144 0.91507334 0.91105074 0.92200464
 0.9147605  0.90414834 0.90303487 0.88790363 0.89033055 0.8825439
 0.8855387  0.8794922  0.8837702  0.8822068  0.8939749  0.8962079
 0.89196265 0.89566875 0.8832404  0.8875505  0.88654715 0.93769836
 0.935317   0.9188109  0.92138666 0.9203528  0.9368572  0.9205485
 0.91998637 0.90799344 0.9113153  0.9079106  0.9090281  0.907568
 0.9090672  0.9196839  0.9261834  0.90946203 0.9015164  0.91184497
 0.91928965 0.901246   0.92110544 0.9228563  0.92733663 0.92498004
 0.91388667 0.9158716  0.92187965 0.90605956 0.90927255 0.9041906
 0.9124558  0.9111751  0.91466385 0.9058532  0.8849546  0.8861667
 0.8834661  0.875414   0.8826746  0.87522125 0.8767632  0.9201597
 0.91929466 0.91002643 0.92103016 0.9173019  0.91702837 0.9127751
 0.9117684  0.9050032  0.91151965 0.9074264  0.8927596  0.90472984
 0.9013042  0.8745947  0.87695897 0.88671654 0.8692497  0.87939304
 0.8715458  0.8708125  0.9279868  0.9204538  0.9225753  0.9135679
 0.9143062  0.9163637  0.9091054  0.9239641  0.9247169  0.9253166
 0.92931545 0.9208562  0.9325976  0.92054754 0.9109412  0.9118911
 0.91119725 0.91884744 0.9062007  0.90421855 0.9101024  0.90653396
 0.9204502  0.9145346  0.9086684  0.90890783 0.9082741  0.89445454
 0.90989566 0.9036052  0.91722834 0.9179479  0.90883076 0.9083588
 0.9110805  0.8947052  0.89599025 0.89106935 0.89105755 0.90418917
 0.8991356  0.8923692  0.90944993 0.9141162  0.8959119  0.89160085
 0.9057067  0.8988464  0.89146286 0.9143162  0.8971622  0.91198564
 0.9112941  0.9081977  0.9006537  0.9089258  0.9194686  0.9115686
 0.9162268  0.9151389  0.9163542  0.9113578  0.9062516  0.89282566
 0.90427554 0.9043017  0.8852927  0.89418596 0.8933221  0.8891236
 0.9201893  0.906613   0.91067594 0.9099918  0.90347576 0.91129506
 0.9056725  0.89535433 0.90626496 0.8960553  0.90729725 0.8957808
 0.89891285 0.89690244 0.9340198  0.9256589  0.9172715  0.9242197
 0.9272673  0.9228898  0.91816705 0.9219176  0.9179917  0.91257185
 0.91963637 0.9185     0.9182936  0.90395206 0.883646   0.8878657
 0.886776   0.87314916 0.8737573  0.8864469  0.87532    0.9149991
 0.903113   0.9013859  0.9050337  0.90581256 0.8998889  0.8978169
 0.94230425 0.9244484  0.9284245  0.9193246  0.9187857  0.920393
 0.9210753  0.89961445 0.88818485 0.89203894 0.89051425 0.8902743
 0.8967817  0.8985868  0.90925527 0.8943482 ]   
np_mse_Anomal = [1.4040449  1.4176382  0.9480714  0.9489237  0.9559615  0.9590407
 0.9772001  1.7329439  1.7461238  1.741041   1.7582052  1.765133
 1.1246475  1.1298497  1.1402179  1.1553631  1.1465664  1.1778989
 1.1869963  1.1923699  1.2032206  1.2064955  0.8859806  0.88289535
 0.89230186 0.88315976 0.8893133  0.8823452  0.8866275  0.8936299
 0.8824476  0.8945898  1.1950631  0.43855846 0.4403551  0.33145878
 1.0917645  0.29226756 0.29194245 3.1642694  0.29981372 1.0682178
 3.035194   3.0429115  1.0644915  0.43087366 1.0669014  1.1093652
 0.26424614 2.976623   0.37638986 1.0345802  0.94335216 2.917633
 0.6610934  0.6547537  0.9451492  1.1117526  1.2494143  0.47758085
 0.35677338 1.1160259  0.17780448 0.69296795 0.96394265 0.21497308
 0.9646721  0.18720141 0.96928847 0.9854425  0.9789356  0.25476685
 1.1291909  3.1197803  0.4657426  1.1241841  1.1181749  1.293647
 1.167859   1.1706719  0.8886638  1.1696137  1.0537142  0.8080034
 0.33912995 3.2078435  1.0910323  2.9651117  0.72283936 2.9549053
 2.9586818  1.1693736  3.1687186  0.96847546 0.23669237 1.0241932
 0.25515497 0.6872796  1.100128   1.1076009  1.1144427  0.9788442
 1.0702592  0.1736572  1.0599259  0.17518237 0.6482035  2.9433773
 0.930439   0.9347667  0.9637944  0.9264581  0.8818761  3.110031
 0.1433691  0.9352795  0.6585166  0.85914385 3.10082    0.5099024
 0.5119683  1.3016251  3.0911179  0.966515   0.95886284 0.9587869
 0.958655   0.27779105 0.98819137 1.0118134  1.0237572  0.9936431
 0.94672644 0.661463   2.9100122  2.917161   0.9485487  2.8910751
 2.870581   0.31536326 1.0608913  0.9881277  3.1695228  1.0486352
 0.29699868 0.26632586 0.2712517  0.1804635  0.9406858  0.67541724
 0.9027182  3.046282   0.87810135 0.65068096 0.8848353  0.13772997
 3.0288138  1.0737522  1.0499156  3.1869926  1.0436734  1.0820457
 0.9247092  0.89546835 0.9179128  0.65799236 0.17714752 0.68328387
 0.8983262  0.9517971  3.1045587  0.9687204  0.9532341  0.23805723
 1.0107422  3.1597247  0.95661503 0.3244082  0.45949915 0.83044773
 1.1245021  1.117214   0.9973783  0.23630425 0.28458217 0.2874867
 0.2856961  0.970258   0.19054188 2.9176626  0.6853536  0.29143894
 2.9623895  0.9591714  2.9730895  0.6652922  0.940869   3.0217934
 0.26403707 0.7649407  3.0394182  1.0422105  0.65707624 1.0709876
 0.6531856  0.2978205  0.9387543  0.13809475 0.91314113 0.64967185
 0.64331234 0.17150514 1.3790345  0.50445503 1.2747315  1.4058279
 1.2791806  0.17240867 3.0971682  3.0965776  0.6728572  0.16110292
 1.0352222  1.035918   0.2715688  0.9200129  0.92304176 3.02181
 0.6727488  3.0167718  0.17216443 0.95184267 0.26473844 1.0418129
 0.26378256 0.27124462 1.0469953  0.73814404 0.74241954 2.9919581
 0.2604602  1.168704   0.2932141  1.0683683  2.930419   2.885726
 1.0936453  0.709117   0.9856568  1.105176   1.1062758  0.23043977
 0.2318915  0.97011745 0.1560405  0.9792577  0.9318708  3.0731244
 1.2422715  0.8237599  1.1107306  1.104814   0.46731263 1.3576121
 1.3638783  1.3723699  1.370564   3.0749006  0.34230837 0.34384674
 3.065444   0.4890799  0.79519755 0.69390297 0.816075   0.82770306
 1.604219   0.6223308  0.13911007 0.14034207 0.14328009 0.9050246
 1.1450236  0.7500763  3.0155108  3.0178485  1.0292575  0.42272663
 0.55095494 3.124685   0.42994002 1.1940045  1.0704455  0.42542392
 0.78915703 3.03631    0.7849691  0.9169785  0.64014477 0.27228954
 1.0662868  0.9228971  1.2021328  3.2066407  0.905097   0.4761354
 1.1789391  0.41182515 1.1558902  1.19759    1.166469   0.923066
 0.667925   3.0215075  0.67073125 0.9440377  0.94052255 0.26078334
 1.0321714  0.7467273  1.0276127  1.0315303  0.9012344  3.0771585
 3.0821385  0.90130365 0.16593935 1.0204363  0.29131773 0.69229835
 1.0532937  0.97650784 1.1662915  0.43106717 0.7802338  0.28590316
 0.2892912  0.7757691  1.0624139  3.0355213  0.29742903 1.0614808
 0.9812921  0.24643975 0.9402193  1.0087638  0.9400072  3.0305674
 0.9264733  0.20541571 3.0181577  0.9380458  1.295786   1.1681356
 0.52617085 1.3093816  1.1840225  0.91049296 0.14550109 0.14677697
 0.14522898 0.9037063  0.9166609  0.9334039  0.15640026 0.15806511
 0.9402162  0.28215683 0.28553683 0.66703755 2.8657656  0.95303255
 0.94866145 2.9344277  0.9512317  0.19244751 0.6680234  0.19547503
 0.20281903 0.6732739  0.16483721 0.9223139  0.8127674  1.2023455
 0.32770795 0.44520882 0.8151832  1.1028466  3.193728   1.106554
 0.37096506 0.3729593  0.68255556 0.95557374 0.6783446  0.675579
 0.9534349  3.1157799  1.0033847  0.73063314 0.729653   1.008534
 0.98194325 0.305801   0.21547614 0.22063406 0.9925416  0.9003831
 0.94216895 3.0797665  0.66262066 3.0652232  0.9407774  0.17794186
 3.119645   0.16241366 0.17605853 1.0831014  0.98768306 1.0920935
 1.1039523  0.99235785 2.9263115  0.29413742 0.18184835 2.9222257
 0.9468988  0.31260428 0.43151394 0.31745604 0.31714958 1.2164025
 0.18692629 0.96128714 1.0289873  1.0555142  0.97077984 2.9979854
 0.17470844 0.6812958  0.17786202 0.9606291  0.96758586 0.90709364
 3.1108434  0.18823926 3.1025455  0.1600348  0.15963738 0.16468395
 0.9395746  0.9432272  1.0510508  0.32194382 0.31960142 3.1114388
 0.33147007 2.9934387  1.0063726  0.71806675 1.0179998  0.9937688
 0.23366332 0.35250548 2.98023    1.1321687  0.7197007  1.272116
 1.0057054  3.2637274  1.003228   1.4450486  0.24369678 0.16523694
 0.25283712 1.0029788  0.9396204  2.9474409  2.9407625  2.9358122
 1.0406858  0.96587175 0.4220266  1.3175591  3.1745553  0.4312135
 1.1986222  0.95081896 0.1739757  0.9526202  0.95281166 0.21420053
 0.6814895  0.9573356  2.9585598  0.18021947 0.97958577 0.9940709
 0.22368175 0.33484876 0.711379   0.98614824 0.9756282  0.21044707
 0.9830319  0.3252626  0.978905   1.1447037  1.1501502  0.25914043
 2.977006   0.74058336 0.24391119 1.0093977  0.7308806  1.0142505
 0.7192619  0.25134364 2.9302897  0.74781674 0.74738604 0.3771829
 3.0731921  3.0843058  0.1688099  0.19596455 0.67705727 1.128591
 0.3521434  0.24281    1.1438693  1.0139438  0.99334836 0.26135045
 0.77219063 0.2645801  3.1998792  0.68389386 0.21394397 0.9639728
 0.9299215  0.9460348  0.9847946  0.2049964  3.0664327  0.97850937
 0.99318135 0.94213766 0.29440385 1.0639516  2.9166079  0.30573323
 0.91514593 3.046924   0.945721   0.9471801  0.92751586 1.0437735
 1.086468   0.3513037  0.35861233 1.0424318  0.20514451 0.96339405
 0.17748787 0.96474415 0.9208829  0.32023075]   
shapes = (568,)
2025-01-12 17:26:55,115 INFO metrics_Norm = (568,)
2025-01-12 17:26:55,116 INFO METRICS: 
metrics_mse_Normal = 
[[0.91983598 0.9237203  0.7360633  ... 0.89858681 0.90925527 0.8943482 ]
 [1.         1.         1.         ... 1.         1.         1.        ]]
metrics_mse_Anomal = 
[[1.40404487 1.41763818 0.94807142 ... 0.96474415 0.92088288 0.32023075]
 [0.         0.         0.         ... 0.         0.         0.        ]]
shapes = (2, 568)
2025-01-12 17:26:55,118 INFO RSHPE METRICS: 
metrics_mse_Normal = 
[[0.8943482  1.        ]
 [0.90925527 1.        ]
 [0.89858681 1.        ]
 ...
 [0.7360633  1.        ]
 [0.9237203  1.        ]
 [0.91983598 1.        ]]
metrics_mse_Anomal = 
[[0.32023075 0.        ]
 [0.92088288 0.        ]
 [0.96474415 0.        ]
 ...
 [0.94807142 0.        ]
 [1.41763818 0.        ]
 [1.40404487 0.        ]]
2025-01-12 17:26:55,118 INFO barrier_line = 0
2025-01-12 17:26:55,120 INFO list_mse = [0.8943482  0.90925527 0.89858681 ... 0.94807142 1.41763818 1.40404487], shapes = (1136,)
2025-01-12 17:27:04,241 INFO max_acc = 0.6786971688270569
2025-01-12 17:27:04,489 INFO index_max_acc = 733
2025-01-12 17:27:04,489 INFO res_barrier_line = 0.9380457997322083
2025-01-12 17:27:04,508 INFO rsh_valid_arr = [[1]
 [1]
 [1]
 ...
 [0]
 [0]
 [0]]
2025-01-12 17:27:04,508 INFO np_valid_arr = [[0.8943482  1.         1.        ]
 [0.90925527 1.         1.        ]
 [0.89858681 1.         1.        ]
 ...
 [0.94807142 0.         0.        ]
 [1.41763818 0.         0.        ]
 [1.40404487 0.         0.        ]]
2025-01-12 17:27:04,945 INFO all_mse = (1136, 3) 
indexses = (1136,)
2025-01-12 17:27:04,946 INFO big_all_mse = (852, 3) 
small_all_mse = (284, 3)
2025-01-12 17:28:06,298 INFO Prec = 0.6384720206260681
2025-01-12 17:28:06,300 INFO Rec = 0.8239436745643616
2025-01-12 17:28:06,301 WARNING The added token already exists in the token cache, skipping
2025-01-12 17:28:07,464 INFO HTTP Request: GET https://dagshub.com/api/v1/repos/Dimitriy200/diplom_autoencoder "HTTP/1.1 200 OK"
2025-01-12 17:28:07,469 INFO Initialized MLflow to track repo "Dimitriy200/diplom_autoencoder"
2025-01-12 17:28:07,471 INFO Repository Dimitriy200/diplom_autoencoder initialized!
2025-01-12 17:28:10,774 INFO START GET CLASS OBJECT
2025-01-12 17:28:11,192 INFO res_data = [[3.16773438 0.        ]
 [3.15604138 0.        ]
 [1.0536536  0.        ]
 [0.7641992  0.        ]
 [0.95355171 0.        ]
 [0.26210728 0.        ]
 [0.77505136 0.        ]
 [1.05110157 0.        ]
 [0.25402287 0.        ]
 [0.22323218 0.        ]
 [3.17901182 0.        ]
 [0.94211131 0.        ]
 [0.22952265 0.        ]
 [0.7812019  0.        ]
 [0.95737779 0.        ]
 [0.76798218 0.        ]
 [0.22392692 0.        ]
 [0.95090073 0.        ]
 [0.95035046 0.        ]
 [0.26620743 0.        ]
 [1.04817033 0.        ]
 [0.2661157  0.        ]
 [0.92281193 0.        ]
 [0.24159163 0.        ]
 [1.08229804 0.        ]
 [0.79017323 0.        ]
 [0.79601574 0.        ]
 [1.070629   0.        ]
 [0.92953205 0.        ]
 [0.94147247 0.        ]
 [0.24888717 0.        ]
 [0.25086486 0.        ]
 [0.95713437 0.        ]
 [0.25083822 0.        ]
 [0.23869468 0.        ]
 [0.94922614 0.        ]
 [0.2213425  0.        ]
 [0.24679796 0.        ]
 [0.23502436 0.        ]
 [0.23455051 0.        ]
 [0.9466362  0.        ]
 [1.04226577 0.        ]
 [3.17319727 0.        ]
 [0.76924163 0.        ]
 [0.24862789 0.        ]
 [1.04100847 0.        ]
 [0.93878555 0.        ]
 [0.78410208 0.        ]
 [3.18672061 0.        ]
 [1.05293822 0.        ]
 [1.05881763 0.        ]
 [1.06441224 0.        ]
 [0.79285079 0.        ]
 [0.24914154 0.        ]
 [3.20332479 0.        ]
 [0.25649837 0.        ]
 [1.06697321 0.        ]
 [3.1633184  0.        ]
 [0.22978422 0.        ]
 [3.15622735 0.        ]
 [0.23019165 0.        ]
 [1.03977036 0.        ]
 [0.95573205 0.        ]
 [0.25588682 0.        ]
 [0.22177434 0.        ]
 [0.95169586 0.        ]
 [0.25674349 0.        ]
 [3.15826678 0.        ]
 [1.05571687 0.        ]
 [0.77884394 0.        ]
 [0.94473076 0.        ]
 [1.03851998 0.        ]
 [0.22275846 0.        ]
 [1.0574472  0.        ]
 [1.05339789 0.        ]
 [0.22439989 0.        ]
 [0.26041839 0.        ]
 [3.14724326 0.        ]
 [0.77575302 0.        ]
 [0.78162289 0.        ]
 [1.05439854 0.        ]
 [1.06341338 0.        ]
 [0.78271747 0.        ]
 [3.19635344 0.        ]
 [0.93418682 0.        ]
 [0.2454109  0.        ]
 [1.05518603 0.        ]
 [0.24456729 0.        ]
 [0.9348678  0.        ]
 [0.93743122 0.        ]
 [0.25458497 0.        ]
 [0.23352337 0.        ]
 [0.24948138 0.        ]
 [1.04741502 0.        ]
 [0.93306851 0.        ]
 [0.25218242 0.        ]
 [1.06575012 0.        ]
 [1.04994953 0.        ]
 [3.16913629 0.        ]
 [0.22462763 0.        ]
 [0.22058918 0.        ]
 [0.95501053 0.        ]
 [0.75873417 0.        ]
 [0.25480232 0.        ]
 [1.04267168 0.        ]
 [1.04460669 0.        ]
 [0.25108734 0.        ]
 [0.75510269 0.        ]
 [1.04295135 0.        ]
 [3.14830351 0.        ]
 [0.22824176 0.        ]
 [0.25310886 0.        ]
 [0.76525778 0.        ]
 [0.77732015 0.        ]
 [0.93623853 0.        ]
 [3.16413164 0.        ]
 [3.17038465 0.        ]
 [1.0474515  0.        ]
 [0.25559834 0.        ]
 [0.77200854 0.        ]
 [3.16807127 0.        ]
 [1.03904271 0.        ]
 [3.16303611 0.        ]
 [1.046736   0.        ]
 [1.04646599 0.        ]
 [3.16547108 0.        ]
 [0.2301825  0.        ]
 [0.21949738 0.        ]
 [0.7614283  0.        ]
 [1.04903877 0.        ]
 [0.76523179 0.        ]
 [1.03968585 0.        ]
 [1.05163717 0.        ]
 [1.04169679 0.        ]
 [0.8017261  0.        ]
 [0.79170203 0.        ]
 [1.08496666 0.        ]
 [1.08840203 0.        ]
 [0.23591653 0.        ]
 [0.91832197 0.        ]
 [0.2344819  0.        ]
 [0.95038265 0.        ]
 [1.035043   0.        ]
 [1.03241646 0.        ]
 [1.0335784  0.        ]
 [0.7630077  0.        ]
 [1.03342032 0.        ]
 [1.03893065 0.        ]
 [1.02719259 0.        ]
 [0.96016848 0.        ]
 [0.24889089 0.        ]
 [0.94129032 0.        ]
 [3.14340639 0.        ]
 [1.02961373 0.        ]
 [1.03714645 0.        ]
 [1.03329122 0.        ]
 [1.02916539 0.        ]
 [0.95011508 0.        ]
 [0.25379443 0.        ]
 [0.2530973  0.        ]
 [0.77043223 0.        ]
 [0.76386887 0.        ]
 [3.16580176 0.        ]
 [0.93525636 0.        ]
 [3.16659951 0.        ]
 [0.76583153 0.        ]
 [0.95372015 0.        ]
 [0.77373302 0.        ]
 [0.77002704 0.        ]
 [3.16241336 0.        ]
 [3.16606736 0.        ]
 [0.9363538  0.        ]
 [1.04797053 0.        ]
 [0.93129921 0.        ]
 [0.22568147 0.        ]
 [0.93191189 0.        ]
 [0.94512486 0.        ]
 [0.75801432 0.        ]
 [0.74989766 0.        ]
 [1.02907634 0.        ]
 [0.25185877 0.        ]
 [1.03715932 0.        ]
 [0.22645158 0.        ]
 [3.1398778  0.        ]
 [1.04103231 0.        ]
 [3.1654079  0.        ]
 [0.95530725 0.        ]
 [0.93832022 0.        ]
 [1.04152131 0.        ]
 [0.25003183 0.        ]
 [0.24063617 0.        ]
 [1.05535519 0.        ]
 [3.17744994 0.        ]
 [1.05370545 0.        ]
 [0.22418353 0.        ]
 [0.24781609 0.        ]
 [1.06278872 0.        ]
 [0.21725616 0.        ]
 [1.07128286 0.        ]
 [0.90942949 0.        ]
 [1.06020844 0.        ]
 [0.240174   0.        ]
 [0.23086649 0.        ]
 [0.78324258 0.        ]
 [0.21468528 0.        ]
 [0.2422196  0.        ]
 [3.15931869 0.        ]
 [0.93693423 0.        ]
 [0.95293689 0.        ]
 [3.17682219 0.        ]
 [3.17215991 0.        ]
 [0.92721951 0.        ]
 [0.76445419 0.        ]
 [3.16906691 0.        ]
 [1.04243648 0.        ]
 [1.04409087 0.        ]
 [0.22321817 0.        ]
 [1.0410713  0.        ]
 [1.03750741 0.        ]
 [0.94581074 0.        ]
 [0.93347412 0.        ]
 [0.76321846 0.        ]
 [0.24640244 0.        ]
 [1.03366363 0.        ]
 [3.17506647 0.        ]
 [0.21115622 0.        ]
 [0.2476065  0.        ]]
